<?xml version="1.0" encoding="utf-8"?><testsuites name="pytest tests"><testsuite name="pytest" errors="0" failures="0" skipped="0" tests="26" time="49.459" timestamp="2026-08-30T22:34:50.327850+00:00" hostname="agent-env-1194f8b8-6040-41c7-98bc-a61ccb237469"><testcase classname="backend.tests.test_contact_api" name="test_root" time="0.135" /><testcase classname="backend.tests.test_contact_api" name="test_health" time="0.111" /><testcase classname="backend.tests.test_contact_api" name="test_contact_missing_fields" time="0.116" /><testcase classname="backend.tests.test_contact_api" name="test_contact_invalid_email" time="0.145" /><testcase classname="backend.tests.test_contact_api" name="test_contact_invalid_turnstile_token" time="0.314" /><testcase classname="backend.tests.test_contact_api" name="test_contact_no_turnstile_token_returns_400" time="0.129" /><testcase classname="backend.tests.test_contact_api" name="test_sitemap_xml" time="0.224" /><testcase classname="backend.tests.test_contact_api" name="test_robots_txt" time="0.106" /><testcase classname="backend.tests.test_contact_api" name="test_no_mongo_dependency_in_startup" time="0.118" /><testcase classname="backend.tests.test_seo_static" name="test_robots_txt_served" time="0.118" /><testcase classname="backend.tests.test_seo_static" name="test_sitemap_xml_served" time="0.125" /><testcase classname="backend.tests.test_seo_static" name="test_sitemap_no_old_articles" time="0.129" /><testcase classname="backend.tests.test_veille_api.TestVeilleBase" name="test_status_and_shape" time="1.449" /><testcase classname="backend.tests.test_veille_api.TestVeilleBase" name="test_first_call_fast" time="0.000" /><testcase classname="backend.tests.test_veille_api.TestVeilleBase" name="test_item_structure" time="0.000" /><testcase classname="backend.tests.test_veille_api.TestVeilleBase" name="test_counts" time="0.000" /><testcase classname="backend.tests.test_veille_api.TestVeilleFilters" name="test_category_cyber" time="0.123" /><testcase classname="backend.tests.test_veille_api.TestVeilleFilters" name="test_category_rgpd" time="0.122" /><testcase classname="backend.tests.test_veille_api.TestVeilleFilters" name="test_category_it" time="0.108" /><testcase classname="backend.tests.test_veille_api.TestVeilleFilters" name="test_unknown_category_fallbacks_all" time="0.188" /><testcase classname="backend.tests.test_veille_api.TestVeilleFilters" name="test_limit_5" time="0.109" /><testcase classname="backend.tests.test_veille_api.TestVeilleFilters" name="test_limit_99_rejected" time="0.098" /><testcase classname="backend.tests.test_veille_api.TestVeilleRankingAndFilter" name="test_alerts_first" time="0.000" /><testcase classname="backend.tests.test_veille_api.TestVeilleRankingAndFilter" name="test_no_promo_content" time="0.000" /><testcase classname="backend.tests.test_veille_api.TestVeilleCache" name="test_cache_second_call_fast" time="0.102" /><testcase classname="backend.tests.test_veille_api.TestVeilleSummaries" name="test_summaries_generated_after_wait" time="45.294" /></testsuite></testsuites>