<?xml version="1.0" encoding="utf-8"?><testsuites name="pytest tests"><testsuite name="pytest" errors="0" failures="0" skipped="0" tests="9" time="1.801" timestamp="2026-08-30T20:39:29.423802+00:00" hostname="agent-env-1194f8b8-6040-41c7-98bc-a61ccb237469"><testcase classname="backend.tests.test_contact_api" name="test_root" time="0.306" /><testcase classname="backend.tests.test_contact_api" name="test_health" time="0.175" /><testcase classname="backend.tests.test_contact_api" name="test_contact_missing_fields" time="0.128" /><testcase classname="backend.tests.test_contact_api" name="test_contact_invalid_email" time="0.186" /><testcase classname="backend.tests.test_contact_api" name="test_contact_invalid_turnstile_token" time="0.255" /><testcase classname="backend.tests.test_contact_api" name="test_contact_no_turnstile_token_returns_400" time="0.149" /><testcase classname="backend.tests.test_contact_api" name="test_sitemap_xml" time="0.129" /><testcase classname="backend.tests.test_contact_api" name="test_robots_txt" time="0.154" /><testcase classname="backend.tests.test_contact_api" name="test_no_mongo_dependency_in_startup" time="0.150" /></testsuite></testsuites>