<?xml version="1.0" encoding="utf-8"?><testsuites name="pytest tests"><testsuite name="pytest" errors="0" failures="1" skipped="0" tests="14" time="90.711" timestamp="2026-08-30T21:25:20.185544+00:00" hostname="agent-env-1194f8b8-6040-41c7-98bc-a61ccb237469"><testcase classname="backend.tests.test_veille_api.TestVeilleBase" name="test_status_and_shape" time="1.769" /><testcase classname="backend.tests.test_veille_api.TestVeilleBase" name="test_first_call_fast" time="0.000" /><testcase classname="backend.tests.test_veille_api.TestVeilleBase" name="test_item_structure" time="0.000" /><testcase classname="backend.tests.test_veille_api.TestVeilleBase" name="test_counts" time="0.000" /><testcase classname="backend.tests.test_veille_api.TestVeilleFilters" name="test_category_cyber" time="30.076"><failure message="requests.exceptions.ReadTimeout: HTTPSConnectionPool(host='symplicity-preview.preview.emergentagent.com', port=443): Read timed out. (read timeout=30)">/root/.venv/lib/python3.11/site-packages/urllib3/connectionpool.py:534: in _make_request
    response = conn.getresponse()
               ^^^^^^^^^^^^^^^^^^
/root/.venv/lib/python3.11/site-packages/urllib3/connection.py:571: in getresponse
    httplib_response = super().getresponse()
                       ^^^^^^^^^^^^^^^^^^^^^
/usr/local/lib/python3.11/http/client.py:1443: in getresponse
    response.begin()
/usr/local/lib/python3.11/http/client.py:337: in begin
    version, status, reason = self._read_status()
                              ^^^^^^^^^^^^^^^^^^^
/usr/local/lib/python3.11/http/client.py:298: in _read_status
    line = str(self.fp.readline(_MAXLINE + 1), "iso-8859-1")
               ^^^^^^^^^^^^^^^^^^^^^^^^^^^^^^
/usr/local/lib/python3.11/socket.py:718: in readinto
    return self._sock.recv_into(b)
           ^^^^^^^^^^^^^^^^^^^^^^^
/usr/local/lib/python3.11/ssl.py:1314: in recv_into
    return self.read(nbytes, buffer)
           ^^^^^^^^^^^^^^^^^^^^^^^^^
/usr/local/lib/python3.11/ssl.py:1166: in read
    return self._sslobj.read(len, buffer)
           ^^^^^^^^^^^^^^^^^^^^^^^^^^^^^^
E   TimeoutError: The read operation timed out

The above exception was the direct cause of the following exception:
/root/.venv/lib/python3.11/site-packages/requests/adapters.py:644: in send
    resp = conn.urlopen(
/root/.venv/lib/python3.11/site-packages/urllib3/connectionpool.py:841: in urlopen
    retries = retries.increment(
/root/.venv/lib/python3.11/site-packages/urllib3/util/retry.py:490: in increment
    raise reraise(type(error), error, _stacktrace)
          ^^^^^^^^^^^^^^^^^^^^^^^^^^^^^^^^^^^^^^^^
/root/.venv/lib/python3.11/site-packages/urllib3/util/util.py:39: in reraise
    raise value
/root/.venv/lib/python3.11/site-packages/urllib3/connectionpool.py:787: in urlopen
    response = self._make_request(
/root/.venv/lib/python3.11/site-packages/urllib3/connectionpool.py:536: in _make_request
    self._raise_timeout(err=e, url=url, timeout_value=read_timeout)
/root/.venv/lib/python3.11/site-packages/urllib3/connectionpool.py:367: in _raise_timeout
    raise ReadTimeoutError(
E   urllib3.exceptions.ReadTimeoutError: HTTPSConnectionPool(host='symplicity-preview.preview.emergentagent.com', port=443): Read timed out. (read timeout=30)

During handling of the above exception, another exception occurred:
backend/tests/test_veille_api.py:57: in test_category_cyber
    r = requests.get(VEILLE, params={"category": "cyber"}, timeout=30)
        ^^^^^^^^^^^^^^^^^^^^^^^^^^^^^^^^^^^^^^^^^^^^^^^^^^^^^^^^^^^^^^
/root/.venv/lib/python3.11/site-packages/requests/api.py:73: in get
    return request("get", url, params=params, **kwargs)
           ^^^^^^^^^^^^^^^^^^^^^^^^^^^^^^^^^^^^^^^^^^^^
/root/.venv/lib/python3.11/site-packages/requests/api.py:59: in request
    return session.request(method=method, url=url, **kwargs)
           ^^^^^^^^^^^^^^^^^^^^^^^^^^^^^^^^^^^^^^^^^^^^^^^^^
/root/.venv/lib/python3.11/site-packages/requests/sessions.py:589: in request
    resp = self.send(prep, **send_kwargs)
           ^^^^^^^^^^^^^^^^^^^^^^^^^^^^^^
/root/.venv/lib/python3.11/site-packages/requests/sessions.py:703: in send
    r = adapter.send(request, **kwargs)
        ^^^^^^^^^^^^^^^^^^^^^^^^^^^^^^^
/root/.venv/lib/python3.11/site-packages/requests/adapters.py:690: in send
    raise ReadTimeout(e, request=request)
E   requests.exceptions.ReadTimeout: HTTPSConnectionPool(host='symplicity-preview.preview.emergentagent.com', port=443): Read timed out. (read timeout=30)</failure></testcase><testcase classname="backend.tests.test_veille_api.TestVeilleFilters" name="test_category_rgpd" time="12.592" /><testcase classname="backend.tests.test_veille_api.TestVeilleFilters" name="test_category_it" time="0.162" /><testcase classname="backend.tests.test_veille_api.TestVeilleFilters" name="test_unknown_category_fallbacks_all" time="0.116" /><testcase classname="backend.tests.test_veille_api.TestVeilleFilters" name="test_limit_5" time="0.149" /><testcase classname="backend.tests.test_veille_api.TestVeilleFilters" name="test_limit_99_rejected" time="0.113" /><testcase classname="backend.tests.test_veille_api.TestVeilleRankingAndFilter" name="test_alerts_first" time="0.000" /><testcase classname="backend.tests.test_veille_api.TestVeilleRankingAndFilter" name="test_no_promo_content" time="0.000" /><testcase classname="backend.tests.test_veille_api.TestVeilleCache" name="test_cache_second_call_fast" time="0.146" /><testcase classname="backend.tests.test_veille_api.TestVeilleSummaries" name="test_summaries_generated_after_wait" time="45.255" /></testsuite></testsuites>